   10002ae06:	f2 0f 58 c8          	addsd  xmm1,xmm0
   10002ae28:	f2 0f 58 c8          	addsd  xmm1,xmm0
   10002af28:	f2 0f 58 c1          	addsd  xmm0,xmm1
   10002af34:	f2 0f 58 c1          	addsd  xmm0,xmm1
   10002af40:	f2 0f 58 c1          	addsd  xmm0,xmm1
   100062780:	f2 0f 58 c8          	addsd  xmm1,xmm0
   1000627ac:	f2 0f 58 c8          	addsd  xmm1,xmm0
   1000627d8:	f2 0f 58 c8          	addsd  xmm1,xmm0
   100062fd8:	f2 0f 58 c1          	addsd  xmm0,xmm1
   100063284:	f2 0f 58 c8          	addsd  xmm1,xmm0
   1000635d1:	f2 0f 58 c1          	addsd  xmm0,xmm1
   1000635dd:	f2 0f 58 c8          	addsd  xmm1,xmm0
   100063744:	f2 0f 58 c8          	addsd  xmm1,xmm0
   10006385e:	f2 0f 58 c8          	addsd  xmm1,xmm0
   100063c37:	f2 0f 58 c8          	addsd  xmm1,xmm0
   100063d5b:	f2 0f 58 c1          	addsd  xmm0,xmm1
   100064073:	f2 0f 58 c8          	addsd  xmm1,xmm0
   1000641e5:	f2 0f 58 c1          	addsd  xmm0,xmm1
   100070208:	f2 0f 58 c1          	addsd  xmm0,xmm1
   100070250:	f2 0f 58 c8          	addsd  xmm1,xmm0
   10007071a:	f2 0f 58 c1          	addsd  xmm0,xmm1
   1000707ad:	f2 0f 58 c1          	addsd  xmm0,xmm1
   10007138c:	f2 0f 58 85 58 ff ff 	addsd  xmm0,QWORD PTR [rbp-0xa8]
   1000713ac:	f2 0f 58 ca          	addsd  xmm1,xmm2
   10007141f:	f2 0f 58 c1          	addsd  xmm0,xmm1
   10007430f:	f2 0f 58 c8          	addsd  xmm1,xmm0
   100074350:	f2 0f 58 c8          	addsd  xmm1,xmm0
   10007c90e:	f2 0f 58 ca          	addsd  xmm1,xmm2
   10008a515:	f2 0f 58 c1          	addsd  xmm0,xmm1
   10008a652:	f2 0f 58 c8          	addsd  xmm1,xmm0
   10008a751:	f2 0f 58 c8          	addsd  xmm1,xmm0
   10008a7a4:	f2 0f 58 c8          	addsd  xmm1,xmm0
   10008a8dd:	f2 0f 58 c8          	addsd  xmm1,xmm0
   10008fb63:	f2 0f 58 c8          	addsd  xmm1,xmm0
   10008fba1:	f2 0f 58 c8          	addsd  xmm1,xmm0
   10008fbc4:	f2 0f 58 c8          	addsd  xmm1,xmm0
   100092761:	f2 0f 58 c8          	addsd  xmm1,xmm0
   1000a5e12:	f2 0f 58 c8          	addsd  xmm1,xmm0
   1000a62d1:	f2 0f 58 c8          	addsd  xmm1,xmm0
   1000a8f48:	f2 0f 58 c1          	addsd  xmm0,xmm1
   1000b0357:	f2 0f 58 c8          	addsd  xmm1,xmm0
   1000b48db:	f2 0f 58 c8          	addsd  xmm1,xmm0
   1000b83f0:	f2 0f 58 c8          	addsd  xmm1,xmm0
   1000b8436:	f2 0f 58 c8          	addsd  xmm1,xmm0
   1000b87a7:	f2 0f 58 c8          	addsd  xmm1,xmm0
   1000bd34f:	f2 0f 58 c8          	addsd  xmm1,xmm0
   1000bd3b1:	f2 0f 58 c8          	addsd  xmm1,xmm0
   1000bd4ae:	f2 0f 58 c1          	addsd  xmm0,xmm1
   1000bd584:	f2 0f 58 c1          	addsd  xmm0,xmm1
   1000bd73f:	f2 0f 58 c8          	addsd  xmm1,xmm0
   1000bdc15:	f2 0f 58 c8          	addsd  xmm1,xmm0
   1000be63f:	f2 0f 58 d1          	addsd  xmm2,xmm1
   1000c01e0:	f2 0f 58 c8          	addsd  xmm1,xmm0
   1000c07be:	f2 0f 58 c8          	addsd  xmm1,xmm0
   1000c2273:	f2 0f 58 88 20 02 00 	addsd  xmm1,QWORD PTR [rax+0x220]
   1000cbc4a:	f2 0f 58 85 50 fe ff 	addsd  xmm0,QWORD PTR [rbp-0x1b0]
   1000cbc7e:	f2 0f 58 c8          	addsd  xmm1,xmm0
   1000ccb01:	f2 0f 58 c8          	addsd  xmm1,xmm0
   1000ce7c6:	f2 0f 58 e3          	addsd  xmm4,xmm3
   1000ce8db:	f2 0f 58 e3          	addsd  xmm4,xmm3
   1000cef4d:	f2 0f 58 c1          	addsd  xmm0,xmm1
   1000cefc1:	f2 0f 58 4d c0       	addsd  xmm1,QWORD PTR [rbp-0x40]
   1000ceff2:	f2 0f 58 4d c8       	addsd  xmm1,QWORD PTR [rbp-0x38]
   1000cf30a:	f2 0f 58 c8          	addsd  xmm1,xmm0
   1000d0412:	f2 0f 58 c8          	addsd  xmm1,xmm0
   1000d05c4:	f2 0f 58 da          	addsd  xmm3,xmm2
   1000d05c8:	f2 0f 58 d9          	addsd  xmm3,xmm1
   1000d0bc1:	f2 0f 58 c8          	addsd  xmm1,xmm0
   1000d0cb9:	f2 0f 58 c8          	addsd  xmm1,xmm0
   1000d111a:	f2 0f 58 da          	addsd  xmm3,xmm2
   1000d111e:	f2 0f 58 d9          	addsd  xmm3,xmm1
   1000d1601:	f2 0f 58 c8          	addsd  xmm1,xmm0
   1000d16d3:	f2 0f 58 d8          	addsd  xmm3,xmm0
   1000d192c:	f2 0f 58 c8          	addsd  xmm1,xmm0
   1000d1a18:	f2 0f 58 c8          	addsd  xmm1,xmm0
   1000d1d60:	f2 0f 58 c8          	addsd  xmm1,xmm0
   1000d1e32:	f2 0f 58 d8          	addsd  xmm3,xmm0
   1000d1f5e:	f2 0f 58 d1          	addsd  xmm2,xmm1
   1000d2089:	f2 0f 58 c1          	addsd  xmm0,xmm1
   1000d2160:	f2 0f 58 c8          	addsd  xmm1,xmm0
   1000d2568:	f2 0f 58 da          	addsd  xmm3,xmm2
   1000d260b:	f2 0f 58 da          	addsd  xmm3,xmm2
   1000d260f:	f2 0f 58 d9          	addsd  xmm3,xmm1
   1000d2b01:	f2 0f 58 d1          	addsd  xmm2,xmm1
   1000d2b66:	f2 0f 58 d1          	addsd  xmm2,xmm1
   1000dd884:	f2 0f 58 c1          	addsd  xmm0,xmm1
   1000e1d76:	f2 0f 58 c8          	addsd  xmm1,xmm0
   1000e1de9:	f2 0f 58 c1          	addsd  xmm0,xmm1
   1000f0c3e:	f2 0f 58 c8          	addsd  xmm1,xmm0
   100110aea:	f2 0f 58 c1          	addsd  xmm0,xmm1
   100110b11:	f2 0f 58 c1          	addsd  xmm0,xmm1
   100110b69:	f2 0f 58 c1          	addsd  xmm0,xmm1
   100110ba7:	f2 0f 58 d9          	addsd  xmm3,xmm1
   100110bcb:	f2 0f 58 d0          	addsd  xmm2,xmm0
   100110c12:	f2 0f 58 c1          	addsd  xmm0,xmm1
   100110c41:	f2 0f 58 ca          	addsd  xmm1,xmm2
   100110c45:	f2 0f 58 c8          	addsd  xmm1,xmm0
   100110dec:	f2 0f 58 c3          	addsd  xmm0,xmm3
   100110e0b:	f2 0f 58 c1          	addsd  xmm0,xmm1
   100110e80:	f2 0f 58 c3          	addsd  xmm0,xmm3
   100110edb:	f2 0f 58 e9          	addsd  xmm5,xmm1
   100110eff:	f2 0f 58 d0          	addsd  xmm2,xmm0
   100110f63:	f2 0f 58 c3          	addsd  xmm0,xmm3
   100110faf:	f2 0f 58 cc          	addsd  xmm1,xmm4
   100110fb3:	f2 0f 58 c8          	addsd  xmm1,xmm0
   100130903:	f2 0f 58 c8          	addsd  xmm1,xmm0
   100130ab5:	f2 0f 58 d0          	addsd  xmm2,xmm0
   100136736:	f2 0f 58 c8          	addsd  xmm1,xmm0
   100136d8b:	f2 0f 58 c8          	addsd  xmm1,xmm0
   100137084:	f2 0f 58 c8          	addsd  xmm1,xmm0
   1001370a8:	f2 0f 58 c8          	addsd  xmm1,xmm0
   100137133:	f2 0f 58 c8          	addsd  xmm1,xmm0
   100137157:	f2 0f 58 c8          	addsd  xmm1,xmm0
   10013723c:	f2 0f 58 c8          	addsd  xmm1,xmm0
   100137348:	f2 0f 58 c8          	addsd  xmm1,xmm0
   100137379:	f2 0f 58 c8          	addsd  xmm1,xmm0
   1001373bd:	f2 0f 58 c8          	addsd  xmm1,xmm0
   100137658:	f2 0f 58 c8          	addsd  xmm1,xmm0
   10013768e:	f2 0f 58 c8          	addsd  xmm1,xmm0
   100137715:	f2 0f 58 c8          	addsd  xmm1,xmm0
   10013774b:	f2 0f 58 c8          	addsd  xmm1,xmm0
   1001378f0:	f2 0f 58 85 90 59 ff 	addsd  xmm0,QWORD PTR [rbp-0xa670]
   1001379af:	f2 0f 58 c8          	addsd  xmm1,xmm0
   100137c36:	f2 0f 58 d0          	addsd  xmm2,xmm0
   10013dbcf:	f2 0f 58 07          	addsd  xmm0,QWORD PTR [rdi]
   10013dd68:	f2 0f 58 c8          	addsd  xmm1,xmm0
   10013dd84:	f2 0f 58 c8          	addsd  xmm1,xmm0
   10013e2c7:	f2 0f 58 c8          	addsd  xmm1,xmm0
   10013e2fb:	f2 0f 58 c8          	addsd  xmm1,xmm0
